[0.226s] Invoking command in '/home/praveen/msgandsrv/build/my_robot_controller': CMAKE_PREFIX_PATH=${CMAKE_PREFIX_PATH}:/home/praveen/udmey/install/activity:/home/praveen/manik/install/manikrobotic:/home/praveen/ros2_ws/install/hello:/opt/ros/humble /usr/bin/cmake --build /home/praveen/msgandsrv/build/my_robot_controller -- -j12 -l12
[0.250s] -- Found ament_cmake: 1.3.9 (/opt/ros/humble/share/ament_cmake/cmake)
[0.351s] -- Override CMake install command with custom implementation using symlinks instead of copying resources
[0.357s] -- Found rosidl_default_generators: 1.2.0 (/opt/ros/humble/share/rosidl_default_generators/cmake)
[0.358s] -- Using all available rosidl_typesupport_c: rosidl_typesupport_fastrtps_c;rosidl_typesupport_introspection_c
[0.360s] -- Found rosidl_adapter: 3.1.5 (/opt/ros/humble/share/rosidl_adapter/cmake)
[0.383s] -- Using all available rosidl_typesupport_cpp: rosidl_typesupport_fastrtps_cpp;rosidl_typesupport_introspection_cpp
[0.579s] [31mCMake Error at /opt/ros/humble/share/rosidl_adapter/cmake/rosidl_adapt_interfaces.cmake:59 (message):
[0.579s]   execute_process(/usr/bin/python3 -m rosidl_adapter --package-name
[0.579s]   my_robot_controller --arguments-file
[0.579s]   /home/praveen/msgandsrv/build/my_robot_controller/rosidl_adapter__arguments__my_robot_controller.json
[0.579s]   --output-dir
[0.580s]   /home/praveen/msgandsrv/build/my_robot_controller/rosidl_adapter/my_robot_controller
[0.580s]   --output-file
[0.580s]   /home/praveen/msgandsrv/build/my_robot_controller/rosidl_adapter/my_robot_controller.idls)
[0.580s]   returned error code 1:
[0.580s] 
[0.580s]   Traceback (most recent call last):
[0.580s] 
[0.580s]     File "/usr/lib/python3.10/runpy.py", line 196, in _run_module_as_main
[0.580s]       return _run_code(code, main_globals, None,
[0.580s]     File "/usr/lib/python3.10/runpy.py", line 86, in _run_code
[0.580s]       exec(code, run_globals)
[0.580s]     File "/opt/ros/humble/local/lib/python3.10/dist-packages/rosidl_adapter/__main__.py", line 19, in <module>
[0.580s]       sys.exit(main())
[0.580s]     File "/opt/ros/humble/local/lib/python3.10/dist-packages/rosidl_adapter/main.py", line 53, in main
[0.580s]       abs_idl_file = convert_to_idl(
[0.580s]     File "/opt/ros/humble/local/lib/python3.10/dist-packages/rosidl_adapter/__init__.py", line 24, in convert_to_idl
[0.580s]       return convert_srv_to_idl(
[0.580s]     File "/opt/ros/humble/local/lib/python3.10/dist-packages/rosidl_adapter/srv/__init__.py", line 28, in convert_srv_to_idl
[0.581s]       srv = parse_service_string(package_name, input_file.stem, content)
[0.581s]     File "/opt/ros/humble/local/lib/python3.10/dist-packages/rosidl_adapter/parser.py", line 850, in parse_service_string
[0.581s]       raise InvalidServiceSpecification(
[0.581s] 
[0.581s]   rosidl_adapter.parser.InvalidServiceSpecification: Could not find separator
[0.581s]   '---' between request and response
[0.581s] 
[0.581s] Call Stack (most recent call first):
[0.581s]   /opt/ros/humble/share/rosidl_cmake/cmake/rosidl_generate_interfaces.cmake:130 (rosidl_adapt_interfaces)
[0.581s]   CMakeLists.txt:17 (rosidl_generate_interfaces)
[0.581s] 
[0.581s] [0m
[0.581s] -- Configuring incomplete, errors occurred!
[0.581s] See also "/home/praveen/msgandsrv/build/my_robot_controller/CMakeFiles/CMakeOutput.log".
[0.586s] gmake: *** [Makefile:747: cmake_check_build_system] Error 1
[0.588s] Invoked command in '/home/praveen/msgandsrv/build/my_robot_controller' returned '2': CMAKE_PREFIX_PATH=${CMAKE_PREFIX_PATH}:/home/praveen/udmey/install/activity:/home/praveen/manik/install/manikrobotic:/home/praveen/ros2_ws/install/hello:/opt/ros/humble /usr/bin/cmake --build /home/praveen/msgandsrv/build/my_robot_controller -- -j12 -l12
